app/build/intermediates/manifest_merge_blame_file/debug/processDebugMainManifest/manifest-merger-blame-debug-report.txt
1<?xml version="1.0" encoding="utf-8"?>
2<manifest xmlns:android="http://schemas.android.com/apk/res/android"
3    package="com.choosemuse.example.libmuse"
4    android:versionCode="1"
5    android:versionName="1.0" >
6
7    <uses-sdk
8        android:minSdkVersion="23"
9        android:targetSdkVersion="34" />
10
11    <!-- 蓝牙许可 -->
12    <uses-permission android:name="android.permission.BLUETOOTH_CONNECT" />
12-->src\main\AndroidManifest.xml:8:5-9:63
12-->src\main\AndroidManifest.xml:9:9-60
13    <uses-permission
13-->src\main\AndroidManifest.xml:10:5-13:31
14        android:name="android.permission.BLUETOOTH_SCAN"
14-->src\main\AndroidManifest.xml:11:9-57
15        android:usesPermissionFlags="neverForLocation" />
15-->src\main\AndroidManifest.xml:12:9-55
16    <uses-permission
16-->src\main\AndroidManifest.xml:14:5-16:38
17        android:name="android.permission.BLUETOOTH"
17-->src\main\AndroidManifest.xml:15:9-52
18        android:maxSdkVersion="30" />
18-->src\main\AndroidManifest.xml:16:9-35
19    <uses-permission
19-->src\main\AndroidManifest.xml:17:5-19:38
20        android:name="android.permission.BLUETOOTH_ADMIN"
20-->src\main\AndroidManifest.xml:18:9-58
21        android:maxSdkVersion="30" />
21-->src\main\AndroidManifest.xml:19:9-35
22    <uses-permission
22-->src\main\AndroidManifest.xml:20:5-22:38
23        android:name="android.permission.ACCESS_COARSE_LOCATION"
23-->src\main\AndroidManifest.xml:21:9-65
24        android:maxSdkVersion="30" />
24-->src\main\AndroidManifest.xml:22:9-35
25    <uses-permission
25-->src\main\AndroidManifest.xml:23:5-25:38
26        android:name="android.permission.ACCESS_FINE_LOCATION"
26-->src\main\AndroidManifest.xml:24:9-63
27        android:maxSdkVersion="30" />
27-->src\main\AndroidManifest.xml:25:9-35
28
29    <permission
29-->[androidx.core:core:1.9.0] AndroidManifest.xml:22:5-24:47
30        android:name="com.choosemuse.example.libmuse.DYNAMIC_RECEIVER_NOT_EXPORTED_PERMISSION"
30-->[androidx.core:core:1.9.0] AndroidManifest.xml:23:9-81
31        android:protectionLevel="signature" />
31-->[androidx.core:core:1.9.0] AndroidManifest.xml:24:9-44
32
33    <uses-permission android:name="com.choosemuse.example.libmuse.DYNAMIC_RECEIVER_NOT_EXPORTED_PERMISSION" />
33-->[androidx.core:core:1.9.0] AndroidManifest.xml:26:5-97
33-->[androidx.core:core:1.9.0] AndroidManifest.xml:26:22-94
34
35    <application
35-->src\main\AndroidManifest.xml:29:5-47:19
36        android:allowBackup="true"
36-->src\main\AndroidManifest.xml:30:9-35
37        android:appComponentFactory="androidx.core.app.CoreComponentFactory"
37-->[androidx.core:core:1.9.0] AndroidManifest.xml:28:18-86
38        android:debuggable="true"
39        android:extractNativeLibs="false"
40        android:icon="@drawable/ic_launcher"
40-->src\main\AndroidManifest.xml:31:9-45
41        android:label="@string/app_name"
41-->src\main\AndroidManifest.xml:32:9-41
42        android:testOnly="true"
43        android:theme="@style/AppTheme" >
43-->src\main\AndroidManifest.xml:33:9-40
44        <activity
44-->src\main\AndroidManifest.xml:34:9-43:20
45            android:name="com.choosemuse.example.libmuse.MainActivity"
45-->src\main\AndroidManifest.xml:35:13-71
46            android:exported="true"
46-->src\main\AndroidManifest.xml:36:13-36
47            android:screenOrientation="portrait" >
47-->src\main\AndroidManifest.xml:37:13-49
48            <intent-filter>
48-->src\main\AndroidManifest.xml:38:13-42:29
49                <action android:name="android.intent.action.MAIN" />
49-->src\main\AndroidManifest.xml:39:17-69
49-->src\main\AndroidManifest.xml:39:25-66
50
51                <category android:name="android.intent.category.LAUNCHER" />
51-->src\main\AndroidManifest.xml:41:17-77
51-->src\main\AndroidManifest.xml:41:27-74
52            </intent-filter>
53        </activity>
54        <activity
54-->src\main\AndroidManifest.xml:44:9-45:73
55            android:name="com.choosemuse.example.libmuse.BLEImageReceiverActivity"
55-->src\main\AndroidManifest.xml:44:19-59
56            android:theme="@style/Theme.AppCompat.Light.DarkActionBar" />
56-->src\main\AndroidManifest.xml:45:13-71
57
58        <provider
58-->[androidx.emoji2:emoji2:1.2.0] AndroidManifest.xml:24:9-32:20
59            android:name="androidx.startup.InitializationProvider"
59-->[androidx.emoji2:emoji2:1.2.0] AndroidManifest.xml:25:13-67
60            android:authorities="com.choosemuse.example.libmuse.androidx-startup"
60-->[androidx.emoji2:emoji2:1.2.0] AndroidManifest.xml:26:13-68
61            android:exported="false" >
61-->[androidx.emoji2:emoji2:1.2.0] AndroidManifest.xml:27:13-37
62            <meta-data
62-->[androidx.emoji2:emoji2:1.2.0] AndroidManifest.xml:29:13-31:52
63                android:name="androidx.emoji2.text.EmojiCompatInitializer"
63-->[androidx.emoji2:emoji2:1.2.0] AndroidManifest.xml:30:17-75
64                android:value="androidx.startup" />
64-->[androidx.emoji2:emoji2:1.2.0] AndroidManifest.xml:31:17-49
65            <meta-data
65-->[androidx.lifecycle:lifecycle-process:2.4.1] AndroidManifest.xml:31:13-33:52
66                android:name="androidx.lifecycle.ProcessLifecycleInitializer"
66-->[androidx.lifecycle:lifecycle-process:2.4.1] AndroidManifest.xml:32:17-78
67                android:value="androidx.startup" />
67-->[androidx.lifecycle:lifecycle-process:2.4.1] AndroidManifest.xml:33:17-49
68        </provider>
69    </application>
70
71</manifest>